<?xml version="1.0" encoding="UTF-8"?>
<!-- Generated by org.testng.reporters.JUnitReportReporter -->
<testsuite hostname="LAPTOP-U1VFGDAM" failures="0" tests="2" name="com.RestAPITest.TC07_Cookies_HeaderValidation" time="2.476" errors="0" timestamp="2025-11-20T15:59:31 IST" skipped="0">
  <testcase classname="com.RestAPITest.TC07_Cookies_HeaderValidation" name="testCookies" time="0.536"/>
  <testcase classname="com.RestAPITest.TC07_Cookies_HeaderValidation" name="headerValidation" time="1.940"/>
</testsuite> <!-- com.RestAPITest.TC07_Cookies_HeaderValidation -->
