<?xml version="1.0" encoding="UTF-8"?>
<!-- Generated by org.testng.reporters.JUnitReportReporter -->
<testsuite hostname="LAPTOP-U1VFGDAM" failures="0" tests="6" name="com.RestAPITest.TC05_APIChaining" time="10.293" errors="0" timestamp="2025-11-20T20:14:40 IST" skipped="0">
  <testcase classname="com.RestAPITest.TC05_APIChaining" name="createNewBooking" time="3.580"/>
  <testcase classname="com.RestAPITest.TC05_APIChaining" name="getBookingDetails" time="1.402"/>
  <testcase classname="com.RestAPITest.TC05_APIChaining" name="createToken" time="1.330"/>
  <testcase classname="com.RestAPITest.TC05_APIChaining" name="fullupdateBookingDetails" time="1.307"/>
  <testcase classname="com.RestAPITest.TC05_APIChaining" name="partialUpdateBooking" time="1.326"/>
  <testcase classname="com.RestAPITest.TC05_APIChaining" name="deleteBooking" time="1.348"/>
</testsuite> <!-- com.RestAPITest.TC05_APIChaining -->
