<?xml version="1.0" encoding="UTF-8"?>
<!-- Generated by org.testng.reporters.JUnitXMLReporter -->
<testsuite ignored="0" hostname="LAPTOP-U1VFGDAM" failures="0" tests="3" name="Default test" time="6.194" errors="0" timestamp="2025-11-02T16:23:33 IST">
  <testcase classname="com.CRM.TestCase.HomePageTestCase" name="verifyUrl" time="0.031"/>
  <testcase classname="com.CRM.TestCase.HomePageTestCase" name="verifyTitle" time="0.017"/>
  <testcase classname="com.CRM.TestCase.HomePageTestCase" name="validateSignIn" time="1.085"/>
</testsuite> <!-- Default test -->
