<?xml version="1.0" encoding="UTF-8"?>
<testng-results ignored="0" total="6" passed="6" failed="0" skipped="0">
  <reporter-output>
  </reporter-output>
  <suite started-at="2025-11-20T20:14:29 IST" name="Default suite" finished-at="2025-11-20T20:14:39 IST" duration-ms="10351">
    <groups>
    </groups>
    <test started-at="2025-11-20T20:14:29 IST" name="Default test" finished-at="2025-11-20T20:14:39 IST" duration-ms="10351">
      <class name="com.RestAPITest.TC05_APIChaining">
        <test-method signature="createNewBooking()[pri:1, instance:com.RestAPITest.TC05_APIChaining@7c7b252e]" started-at="2025-11-20T20:14:29 IST" name="createNewBooking" finished-at="2025-11-20T20:14:33 IST" duration-ms="3580" status="PASS">
          <reporter-output>
          </reporter-output>
        </test-method> <!-- createNewBooking -->
        <test-method signature="getBookingDetails()[pri:2, instance:com.RestAPITest.TC05_APIChaining@7c7b252e]" started-at="2025-11-20T20:14:33 IST" name="getBookingDetails" finished-at="2025-11-20T20:14:34 IST" duration-ms="1402" status="PASS">
          <reporter-output>
          </reporter-output>
        </test-method> <!-- getBookingDetails -->
        <test-method signature="createToken()[pri:3, instance:com.RestAPITest.TC05_APIChaining@7c7b252e]" started-at="2025-11-20T20:14:34 IST" name="createToken" finished-at="2025-11-20T20:14:35 IST" duration-ms="1330" status="PASS">
          <reporter-output>
          </reporter-output>
        </test-method> <!-- createToken -->
        <test-method signature="fullupdateBookingDetails()[pri:4, instance:com.RestAPITest.TC05_APIChaining@7c7b252e]" started-at="2025-11-20T20:14:35 IST" name="fullupdateBookingDetails" finished-at="2025-11-20T20:14:37 IST" duration-ms="1307" status="PASS">
          <reporter-output>
          </reporter-output>
        </test-method> <!-- fullupdateBookingDetails -->
        <test-method signature="partialUpdateBooking()[pri:5, instance:com.RestAPITest.TC05_APIChaining@7c7b252e]" started-at="2025-11-20T20:14:37 IST" name="partialUpdateBooking" finished-at="2025-11-20T20:14:38 IST" duration-ms="1326" status="PASS">
          <reporter-output>
          </reporter-output>
        </test-method> <!-- partialUpdateBooking -->
        <test-method signature="deleteBooking()[pri:6, instance:com.RestAPITest.TC05_APIChaining@7c7b252e]" started-at="2025-11-20T20:14:38 IST" name="deleteBooking" finished-at="2025-11-20T20:14:39 IST" duration-ms="1348" status="PASS">
          <reporter-output>
          </reporter-output>
        </test-method> <!-- deleteBooking -->
      </class> <!-- com.RestAPITest.TC05_APIChaining -->
    </test> <!-- Default test -->
  </suite> <!-- Default suite -->
</testng-results>
