<?xml version="1.0" encoding="UTF-8"?>
<!-- Generated by org.testng.reporters.JUnitXMLReporter -->
<testsuite ignored="0" hostname="LAPTOP-U1VFGDAM" failures="0" tests="6" name="Default test" time="10.351" errors="0" timestamp="2025-11-20T20:14:39 IST">
  <testcase classname="com.RestAPITest.TC05_APIChaining" name="createNewBooking" time="3.58"/>
  <testcase classname="com.RestAPITest.TC05_APIChaining" name="getBookingDetails" time="1.402"/>
  <testcase classname="com.RestAPITest.TC05_APIChaining" name="createToken" time="1.33"/>
  <testcase classname="com.RestAPITest.TC05_APIChaining" name="fullupdateBookingDetails" time="1.307"/>
  <testcase classname="com.RestAPITest.TC05_APIChaining" name="partialUpdateBooking" time="1.326"/>
  <testcase classname="com.RestAPITest.TC05_APIChaining" name="deleteBooking" time="1.348"/>
</testsuite> <!-- Default test -->
