<?xml version="1.0" encoding="UTF-8"?>
<!-- Generated by org.testng.reporters.JUnitXMLReporter -->
<testsuite ignored="0" hostname="LAPTOP-U1VFGDAM" failures="0" tests="3" name="HomePageTest" time="4.031" errors="0" timestamp="2025-11-12T09:02:01 IST">
  <testcase classname="com.CRM.TestCase.HomePageTestCase" name="verifyUrl" time="0.035"/>
  <testcase classname="com.CRM.TestCase.HomePageTestCase" name="verifyTitle" time="0.015"/>
  <testcase classname="com.CRM.TestCase.HomePageTestCase" name="validateSignIn" time="1.043"/>
</testsuite> <!-- HomePageTest -->
