<?xml version="1.0" encoding="UTF-8"?>
<testng-results ignored="0" total="3" passed="3" failed="0" skipped="0">
  <reporter-output>
  </reporter-output>
  <suite started-at="2025-11-21T17:51:20 IST" name="Suite" finished-at="2025-11-21T17:51:46 IST" duration-ms="26063">
    <groups>
    </groups>
    <test started-at="2025-11-21T17:51:20 IST" name="FirefoxTest" finished-at="2025-11-21T17:51:44 IST" duration-ms="23684">
      <class name="seleniumGrid.ParallelTest">
        <test-method signature="crossBrowserTest(java.lang.String)[pri:0, instance:seleniumGrid.ParallelTest@71d44a3]" started-at="2025-11-21T17:51:20 IST" name="crossBrowserTest" finished-at="2025-11-21T17:51:44 IST" duration-ms="23617" status="PASS">
          <params>
            <param index="0">
              <value>
                <![CDATA[Firefox]]>
              </value>
            </param>
          </params>
          <reporter-output>
          </reporter-output>
        </test-method> <!-- crossBrowserTest -->
      </class> <!-- seleniumGrid.ParallelTest -->
    </test> <!-- FirefoxTest -->
    <test started-at="2025-11-21T17:51:20 IST" name="ChromeTest" finished-at="2025-11-21T17:51:45 IST" duration-ms="24278">
      <class name="seleniumGrid.ParallelTest">
        <test-method signature="crossBrowserTest(java.lang.String)[pri:0, instance:seleniumGrid.ParallelTest@6c64cb25]" started-at="2025-11-21T17:51:20 IST" name="crossBrowserTest" finished-at="2025-11-21T17:51:45 IST" duration-ms="24237" status="PASS">
          <params>
            <param index="0">
              <value>
                <![CDATA[Chrome]]>
              </value>
            </param>
          </params>
          <reporter-output>
          </reporter-output>
        </test-method> <!-- crossBrowserTest -->
      </class> <!-- seleniumGrid.ParallelTest -->
    </test> <!-- ChromeTest -->
    <test started-at="2025-11-21T17:51:20 IST" name="EdgeTest" finished-at="2025-11-21T17:51:46 IST" duration-ms="26063">
      <class name="seleniumGrid.ParallelTest">
        <test-method signature="crossBrowserTest(java.lang.String)[pri:0, instance:seleniumGrid.ParallelTest@34123d65]" started-at="2025-11-21T17:51:20 IST" name="crossBrowserTest" finished-at="2025-11-21T17:51:46 IST" duration-ms="26019" status="PASS">
          <params>
            <param index="0">
              <value>
                <![CDATA[Edge]]>
              </value>
            </param>
          </params>
          <reporter-output>
          </reporter-output>
        </test-method> <!-- crossBrowserTest -->
      </class> <!-- seleniumGrid.ParallelTest -->
    </test> <!-- EdgeTest -->
  </suite> <!-- Suite -->
</testng-results>
