<?xml version="1.0" encoding="UTF-8"?>
<!-- Generated by org.testng.reporters.JUnitReportReporter -->
<testsuite hostname="LAPTOP-U1VFGDAM" failures="0" tests="3" name="com.CRM.TestCase.HomePageTestCase" time="1.093" errors="0" timestamp="2025-11-12T09:02:06 IST" skipped="0">
  <testcase classname="com.CRM.TestCase.HomePageTestCase" name="verifyUrl" time="0.035"/>
  <system-out/>
  <testcase classname="com.CRM.TestCase.HomePageTestCase" name="verifyTitle" time="0.015"/>
  <system-out/>
  <testcase classname="com.CRM.TestCase.HomePageTestCase" name="validateSignIn" time="1.043"/>
  <system-out/>
</testsuite> <!-- com.CRM.TestCase.HomePageTestCase -->
