<?xml version="1.0" encoding="UTF-8"?>
<!-- Generated by org.testng.reporters.JUnitReportReporter -->
<testsuite hostname="LAPTOP-U1VFGDAM" failures="0" tests="3" name="seleniumGrid.ParallelTest" time="73.873" errors="0" timestamp="2025-11-21T17:51:47 IST" skipped="0">
  <testcase classname="seleniumGrid.ParallelTest" name="crossBrowserTest" time="24.237"/>
  <system-out/>
  <testcase classname="seleniumGrid.ParallelTest" name="crossBrowserTest" time="26.019"/>
  <system-out/>
  <testcase classname="seleniumGrid.ParallelTest" name="crossBrowserTest" time="23.617"/>
  <system-out/>
</testsuite> <!-- seleniumGrid.ParallelTest -->
